0 info it worked if it ends with ok
1 verbose cli [ 'node', '/usr/local/bin/npm', 'publish' ]
2 info using npm@1.2.18
3 info using node@v0.10.5
4 verbose publish [ '.' ]
5 verbose read json /Users/jakeseip/command_input.js/package.json
6 verbose cache add [ '.', null ]
7 verbose cache add name=undefined spec="." args=[".",null]
8 verbose parsed url { protocol: null,
8 verbose parsed url   slashes: null,
8 verbose parsed url   auth: null,
8 verbose parsed url   host: null,
8 verbose parsed url   port: null,
8 verbose parsed url   hostname: null,
8 verbose parsed url   hash: null,
8 verbose parsed url   search: null,
8 verbose parsed url   query: null,
8 verbose parsed url   pathname: '.',
8 verbose parsed url   path: '.',
8 verbose parsed url   href: '.' }
9 silly lockFile 3a52ce78- .
10 verbose lock . /Users/jakeseip/.npm/3a52ce78-.lock
11 verbose read json package.json
12 verbose tar pack [ '/var/folders/wy/l63dl7ts1bs8dlfc2m87hcx40000gn/T/npm-2310/1376609624517-0.7619016219396144/tmp.tgz',
12 verbose tar pack   '.' ]
13 verbose tarball /var/folders/wy/l63dl7ts1bs8dlfc2m87hcx40000gn/T/npm-2310/1376609624517-0.7619016219396144/tmp.tgz
14 verbose folder .
15 info prepublish command_input@0.0.1
16 silly lockFile 3a52ce78- .
17 verbose lock . /Users/jakeseip/.npm/3a52ce78-.lock
18 silly lockFile 0c129ea2-24517-0-7619016219396144-tmp-tgz /var/folders/wy/l63dl7ts1bs8dlfc2m87hcx40000gn/T/npm-2310/1376609624517-0.7619016219396144/tmp.tgz
19 verbose lock /var/folders/wy/l63dl7ts1bs8dlfc2m87hcx40000gn/T/npm-2310/1376609624517-0.7619016219396144/tmp.tgz /Users/jakeseip/.npm/0c129ea2-24517-0-7619016219396144-tmp-tgz.lock
20 silly lockFile 3a52ce78- .
21 silly lockFile 3a52ce78- .
22 silly lockFile 0c129ea2-24517-0-7619016219396144-tmp-tgz /var/folders/wy/l63dl7ts1bs8dlfc2m87hcx40000gn/T/npm-2310/1376609624517-0.7619016219396144/tmp.tgz
23 silly lockFile 0c129ea2-24517-0-7619016219396144-tmp-tgz /var/folders/wy/l63dl7ts1bs8dlfc2m87hcx40000gn/T/npm-2310/1376609624517-0.7619016219396144/tmp.tgz
24 verbose tar unpack /var/folders/wy/l63dl7ts1bs8dlfc2m87hcx40000gn/T/npm-2310/1376609624517-0.7619016219396144/tmp.tgz
25 silly lockFile ed1df1dc-24517-0-7619016219396144-package /var/folders/wy/l63dl7ts1bs8dlfc2m87hcx40000gn/T/npm-2310/1376609624517-0.7619016219396144/package
26 verbose lock /var/folders/wy/l63dl7ts1bs8dlfc2m87hcx40000gn/T/npm-2310/1376609624517-0.7619016219396144/package /Users/jakeseip/.npm/ed1df1dc-24517-0-7619016219396144-package.lock
27 silly lockFile 0c129ea2-24517-0-7619016219396144-tmp-tgz /var/folders/wy/l63dl7ts1bs8dlfc2m87hcx40000gn/T/npm-2310/1376609624517-0.7619016219396144/tmp.tgz
28 verbose lock /var/folders/wy/l63dl7ts1bs8dlfc2m87hcx40000gn/T/npm-2310/1376609624517-0.7619016219396144/tmp.tgz /Users/jakeseip/.npm/0c129ea2-24517-0-7619016219396144-tmp-tgz.lock
29 silly gunzTarPerm modes [ '755', '644' ]
30 silly gunzTarPerm extractEntry package.json
31 silly gunzTarPerm extractEntry index.js
32 silly gunzTarPerm extractEntry Readme.md
33 silly gunzTarPerm extractEntry test_helper/test.choice.helper.js
34 silly gunzTarPerm extractEntry test_helper/test.confirm.helper.js
35 silly gunzTarPerm extractEntry test_helper/test.password.helper.js
36 silly gunzTarPerm extractEntry test_helper/test.prompt.helper.js
37 verbose read json /var/folders/wy/l63dl7ts1bs8dlfc2m87hcx40000gn/T/npm-2310/1376609624517-0.7619016219396144/package/package.json
38 silly lockFile ed1df1dc-24517-0-7619016219396144-package /var/folders/wy/l63dl7ts1bs8dlfc2m87hcx40000gn/T/npm-2310/1376609624517-0.7619016219396144/package
39 silly lockFile ed1df1dc-24517-0-7619016219396144-package /var/folders/wy/l63dl7ts1bs8dlfc2m87hcx40000gn/T/npm-2310/1376609624517-0.7619016219396144/package
40 silly lockFile 0c129ea2-24517-0-7619016219396144-tmp-tgz /var/folders/wy/l63dl7ts1bs8dlfc2m87hcx40000gn/T/npm-2310/1376609624517-0.7619016219396144/tmp.tgz
41 silly lockFile 0c129ea2-24517-0-7619016219396144-tmp-tgz /var/folders/wy/l63dl7ts1bs8dlfc2m87hcx40000gn/T/npm-2310/1376609624517-0.7619016219396144/tmp.tgz
42 verbose from cache /var/folders/wy/l63dl7ts1bs8dlfc2m87hcx40000gn/T/npm-2310/1376609624517-0.7619016219396144/package/package.json
43 verbose tar pack [ '/Users/jakeseip/.npm/command_input/0.0.1/package.tgz',
43 verbose tar pack   '/var/folders/wy/l63dl7ts1bs8dlfc2m87hcx40000gn/T/npm-2310/1376609624517-0.7619016219396144/package' ]
44 verbose tarball /Users/jakeseip/.npm/command_input/0.0.1/package.tgz
45 verbose folder /var/folders/wy/l63dl7ts1bs8dlfc2m87hcx40000gn/T/npm-2310/1376609624517-0.7619016219396144/package
46 silly lockFile ed1df1dc-24517-0-7619016219396144-package /var/folders/wy/l63dl7ts1bs8dlfc2m87hcx40000gn/T/npm-2310/1376609624517-0.7619016219396144/package
47 verbose lock /var/folders/wy/l63dl7ts1bs8dlfc2m87hcx40000gn/T/npm-2310/1376609624517-0.7619016219396144/package /Users/jakeseip/.npm/ed1df1dc-24517-0-7619016219396144-package.lock
48 silly lockFile dd1ca300--command-input-0-0-1-package-tgz /Users/jakeseip/.npm/command_input/0.0.1/package.tgz
49 verbose lock /Users/jakeseip/.npm/command_input/0.0.1/package.tgz /Users/jakeseip/.npm/dd1ca300--command-input-0-0-1-package-tgz.lock
50 silly lockFile ed1df1dc-24517-0-7619016219396144-package /var/folders/wy/l63dl7ts1bs8dlfc2m87hcx40000gn/T/npm-2310/1376609624517-0.7619016219396144/package
51 silly lockFile ed1df1dc-24517-0-7619016219396144-package /var/folders/wy/l63dl7ts1bs8dlfc2m87hcx40000gn/T/npm-2310/1376609624517-0.7619016219396144/package
52 silly lockFile dd1ca300--command-input-0-0-1-package-tgz /Users/jakeseip/.npm/command_input/0.0.1/package.tgz
53 silly lockFile dd1ca300--command-input-0-0-1-package-tgz /Users/jakeseip/.npm/command_input/0.0.1/package.tgz
54 silly lockFile 50a4ab7f--npm-command-input-0-0-1-package /Users/jakeseip/.npm/command_input/0.0.1/package
55 verbose lock /Users/jakeseip/.npm/command_input/0.0.1/package /Users/jakeseip/.npm/50a4ab7f--npm-command-input-0-0-1-package.lock
56 silly lockFile 50a4ab7f--npm-command-input-0-0-1-package /Users/jakeseip/.npm/command_input/0.0.1/package
57 silly lockFile 50a4ab7f--npm-command-input-0-0-1-package /Users/jakeseip/.npm/command_input/0.0.1/package
58 verbose tar unpack /Users/jakeseip/.npm/command_input/0.0.1/package.tgz
59 silly lockFile 50a4ab7f--npm-command-input-0-0-1-package /Users/jakeseip/.npm/command_input/0.0.1/package
60 verbose lock /Users/jakeseip/.npm/command_input/0.0.1/package /Users/jakeseip/.npm/50a4ab7f--npm-command-input-0-0-1-package.lock
61 silly lockFile dd1ca300--command-input-0-0-1-package-tgz /Users/jakeseip/.npm/command_input/0.0.1/package.tgz
62 verbose lock /Users/jakeseip/.npm/command_input/0.0.1/package.tgz /Users/jakeseip/.npm/dd1ca300--command-input-0-0-1-package-tgz.lock
63 silly gunzTarPerm modes [ '755', '644' ]
64 silly gunzTarPerm extractEntry package.json
65 silly gunzTarPerm extractEntry index.js
66 silly gunzTarPerm extractEntry Readme.md
67 silly gunzTarPerm extractEntry test_helper/test.choice.helper.js
68 silly gunzTarPerm extractEntry test_helper/test.confirm.helper.js
69 silly gunzTarPerm extractEntry test_helper/test.password.helper.js
70 silly gunzTarPerm extractEntry test_helper/test.prompt.helper.js
71 verbose read json /Users/jakeseip/.npm/command_input/0.0.1/package/package.json
72 silly lockFile 50a4ab7f--npm-command-input-0-0-1-package /Users/jakeseip/.npm/command_input/0.0.1/package
73 silly lockFile 50a4ab7f--npm-command-input-0-0-1-package /Users/jakeseip/.npm/command_input/0.0.1/package
74 silly lockFile dd1ca300--command-input-0-0-1-package-tgz /Users/jakeseip/.npm/command_input/0.0.1/package.tgz
75 silly lockFile dd1ca300--command-input-0-0-1-package-tgz /Users/jakeseip/.npm/command_input/0.0.1/package.tgz
76 silly shasum updated bytes 3788
77 info shasum 315634374bb7741a286eb2e2d8564a664180b8f0
77 info shasum /Users/jakeseip/.npm/command_input/0.0.1/package.tgz
78 verbose from cache /Users/jakeseip/.npm/command_input/0.0.1/package/package.json
79 verbose chmod /Users/jakeseip/.npm/command_input/0.0.1/package.tgz 644
80 verbose chown /Users/jakeseip/.npm/command_input/0.0.1/package.tgz [ 501, 20 ]
81 silly lockFile 3a52ce78- .
82 silly publish { name: 'command_input',
82 silly publish   version: '0.0.1',
82 silly publish   description: 'a lightweight solution for node.js command-line input',
82 silly publish   keywords: [ 'command', 'option', 'parser', 'prompt', 'stdin' ],
82 silly publish   authors: 'Jake Seip <jake.seip@gmail.com>, TJ Holowaychuk <tj@vision-media.ca>',
82 silly publish   repository: { type: 'git', url: '***TBD***' },
82 silly publish   dependencies: { keypress: '0.1.x' },
82 silly publish   devDependencies: { should: '>= 0.0.1' },
82 silly publish   scripts: { test: 'make test' },
82 silly publish   main: 'index',
82 silly publish   engines: { node: '>= 0.6.x' },
82 silly publish   readme: '# Command_Input.js\n\n\n## Installation\n\n    $ npm install command_input\n\n## .prompt(msg, fn)\n\n Single-line prompt:\n\n```js\nprogram.prompt(\'name: \', function(name){\n  console.log(\'hi %s\', name);\n});\n```\n\n Multi-line prompt:\n\n```js\nprogram.prompt(\'description:\', function(name){\n  console.log(\'hi %s\', name);\n});\n```\n\n Coercion:\n\n```js\nprogram.prompt(\'Age: \', Number, function(age){\n  console.log(\'age: %j\', age);\n});\n```\n\n```js\nprogram.prompt(\'Birthdate: \', Date, function(date){\n  console.log(\'date: %s\', date);\n});\n```\n\n```js\nprogram.prompt(\'Email: \', /^.+@.+\\..+$/, function(email){\n  console.log(\'email: %j\', email);\n});\n```\n\n## .password(msg[, mask], fn)\n\nPrompt for password without echoing:\n\n```js\nprogram.password(\'Password: \', function(pass){\n  console.log(\'got "%s"\', pass);\n  process.stdin.destroy();\n});\n```\n\nPrompt for password with mask char "*":\n\n```js\nprogram.password(\'Password: \', \'*\', function(pass){\n  console.log(\'got "%s"\', pass);\n  process.stdin.destroy();\n});\n```\n\n## .confirm(msg, fn)\n\n Confirm with the given `msg`:\n\n```js\nprogram.confirm(\'continue? \', function(ok){\n  console.log(\' got %j\', ok);\n});\n```\n\n## .choose(list, fn)\n\n Let the user choose from a `list`:\n\n```js\nvar list = [\'tobi\', \'loki\', \'jane\', \'manny\', \'luna\'];\n\nconsole.log(\'Choose the coolest pet:\');\nprogram.choose(list, function(i){\n  console.log(\'you chose %d "%s"\', i, list[i]);\n});\n```\n\n## Links\n\n - [API documentation](http://visionmedia.github.com/commander.js/)\n js/tree/master/examples)\n\n## License\n\n(The MIT License)\n\nCopyright (c) 2013 Jake Seip jake.seip@gmail.com  TJ Holowaychuk tj@vision-media.ca;\n\nPermission is hereby granted, free of charge, to any person obtaining\na copy of this software and associated documentation files (the\n\'Software\'), to deal in the Software without restriction, including\nwithout limitation the rights to use, copy, modify, merge, publish,\ndistribute, sublicense, and/or sell copies of the Software, and to\npermit persons to whom the Software is furnished to do so, subject to\nthe following conditions:\n\nThe above copyright notice and this permission notice shall be\nincluded in all copies or substantial portions of the Software.\n\nTHE SOFTWARE IS PROVIDED \'AS IS\', WITHOUT WARRANTY OF ANY KIND,\nEXPRESS OR IMPLIED, INCLUDING BUT NOT LIMITED TO THE WARRANTIES OF\nMERCHANTABILITY, FITNESS FOR A PARTICULAR PURPOSE AND NONINFRINGEMENT.\nIN NO EVENT SHALL THE AUTHORS OR COPYRIGHT HOLDERS BE LIABLE FOR ANY\nCLAIM, DAMAGES OR OTHER LIABILITY, WHETHER IN AN ACTION OF CONTRACT,\nTORT OR OTHERWISE, ARISING FROM, OUT OF OR IN CONNECTION WITH THE\nSOFTWARE OR THE USE OR OTHER DEALINGS IN THE SOFTWARE.\n',
82 silly publish   readmeFilename: 'Readme.md',
82 silly publish   _id: 'command_input@0.0.1',
82 silly publish   dist: { shasum: '315634374bb7741a286eb2e2d8564a664180b8f0' },
82 silly publish   _from: '.' }
83 verbose url raw command_input
84 verbose url resolving [ 'https://registry.npmjs.org/', './command_input' ]
85 verbose url resolved https://registry.npmjs.org/command_input
86 info trying registry request attempt 1 at 16:33:55
87 http PUT https://registry.npmjs.org/command_input
88 http 409 https://registry.npmjs.org/command_input
89 verbose url raw command_input
90 verbose url resolving [ 'https://registry.npmjs.org/', './command_input' ]
91 verbose url resolved https://registry.npmjs.org/command_input
92 info trying registry request attempt 1 at 16:33:57
93 http GET https://registry.npmjs.org/command_input
94 http 200 https://registry.npmjs.org/command_input
95 error publish fail Cannot publish over existing version.
95 error publish fail Update the 'version' field in package.json and try again.
95 error publish fail
95 error publish fail If the previous version was published in error, see:
95 error publish fail     npm help unpublish
95 error publish fail
95 error publish fail To automatically increment version numbers, see:
95 error publish fail     npm help version
96 error System Darwin 12.4.0
97 error command "node" "/usr/local/bin/npm" "publish"
98 error cwd /Users/jakeseip/command_input.js
99 error node -v v0.10.5
100 error npm -v 1.2.18
101 error code EPUBLISHCONFLICT
102 verbose exit [ 1, true ]
